[2018-11-26 20:01:41] local.ERROR: could not find driver (SQL: select [value], [key] from [pl_configurations]) {"exception":"[object] (Illuminate\\Database\\QueryException(code: 0): could not find driver (SQL: select [value], [key] from [pl_configurations]) at C:\\xampp\\htdocs\\oviedo11\\vendor\\laravel\\framework\\src\\Illuminate\\Database\\Connection.php:664, Doctrine\\DBAL\\Driver\\PDOException(code: 0): could not find driver at C:\\xampp\\htdocs\\oviedo11\\vendor\\doctrine\\dbal\\lib\\Doctrine\\DBAL\\Driver\\PDOConnection.php:50, PDOException(code: 0): could not find driver at C:\\xampp\\htdocs\\oviedo11\\vendor\\doctrine\\dbal\\lib\\Doctrine\\DBAL\\Driver\\PDOConnection.php:46)
[stacktrace]
#0 C:\\xampp\\htdocs\\oviedo11\\vendor\\laravel\\framework\\src\\Illuminate\\Database\\Connection.php(624): Illuminate\\Database\\Connection->runQueryCallback('select [value],...', Array, Object(Closure))
#1 C:\\xampp\\htdocs\\oviedo11\\vendor\\laravel\\framework\\src\\Illuminate\\Database\\Connection.php(333): Illuminate\\Database\\Connection->run('select [value],...', Array, Object(Closure))
#2 C:\\xampp\\htdocs\\oviedo11\\vendor\\laravel\\framework\\src\\Illuminate\\Database\\Query\\Builder.php(2027): Illuminate\\Database\\Connection->select('select [value],...', Array, true)
#3 C:\\xampp\\htdocs\\oviedo11\\vendor\\laravel\\framework\\src\\Illuminate\\Database\\Query\\Builder.php(2219): Illuminate\\Database\\Query\\Builder->runSelect()
#4 C:\\xampp\\htdocs\\oviedo11\\vendor\\laravel\\framework\\src\\Illuminate\\Database\\Query\\Builder.php(2499): Illuminate\\Database\\Query\\Builder->Illuminate\\Database\\Query\\{closure}()
#5 C:\\xampp\\htdocs\\oviedo11\\vendor\\laravel\\framework\\src\\Illuminate\\Database\\Query\\Builder.php(2221): Illuminate\\Database\\Query\\Builder->onceWithColumns(Array, Object(Closure))
#6 C:\\xampp\\htdocs\\oviedo11\\vendor\\laravel\\framework\\src\\Illuminate\\Database\\Eloquent\\Builder.php(712): Illuminate\\Database\\Query\\Builder->pluck('value', 'key')
#7 C:\\xampp\\htdocs\\oviedo11\\vendor\\laravel\\framework\\src\\Illuminate\\Support\\Traits\\ForwardsCalls.php(23): Illuminate\\Database\\Eloquent\\Builder->pluck('value', 'key')
#8 C:\\xampp\\htdocs\\oviedo11\\vendor\\laravel\\framework\\src\\Illuminate\\Database\\Eloquent\\Model.php(1608): Illuminate\\Database\\Eloquent\\Model->forwardCallTo(Object(Illuminate\\Database\\Eloquent\\Builder), 'pluck', Array)
#9 C:\\xampp\\htdocs\\oviedo11\\vendor\\laravel\\framework\\src\\Illuminate\\Database\\Eloquent\\Model.php(1620): Illuminate\\Database\\Eloquent\\Model->__call('pluck', Array)
#10 C:\\xampp\\htdocs\\oviedo11\\app\\Providers\\AppServiceProvider.php(26): Illuminate\\Database\\Eloquent\\Model::__callStatic('pluck', Array)
#11 [internal function]: App\\Providers\\AppServiceProvider->boot()
#12 C:\\xampp\\htdocs\\oviedo11\\vendor\\laravel\\framework\\src\\Illuminate\\Container\\BoundMethod.php(29): call_user_func_array(Array, Array)
#13 C:\\xampp\\htdocs\\oviedo11\\vendor\\laravel\\framework\\src\\Illuminate\\Container\\BoundMethod.php(87): Illuminate\\Container\\BoundMethod::Illuminate\\Container\\{closure}()
#14 C:\\xampp\\htdocs\\oviedo11\\vendor\\laravel\\framework\\src\\Illuminate\\Container\\BoundMethod.php(31): Illuminate\\Container\\BoundMethod::callBoundMethod(Object(Illuminate\\Foundation\\Application), Array, Object(Closure))
#15 C:\\xampp\\htdocs\\oviedo11\\vendor\\laravel\\framework\\src\\Illuminate\\Container\\Container.php(572): Illuminate\\Container\\BoundMethod::call(Object(Illuminate\\Foundation\\Application), Array, Array, NULL)
#16 C:\\xampp\\htdocs\\oviedo11\\vendor\\laravel\\framework\\src\\Illuminate\\Foundation\\Application.php(793): Illuminate\\Container\\Container->call(Array)
#17 C:\\xampp\\htdocs\\oviedo11\\vendor\\laravel\\framework\\src\\Illuminate\\Foundation\\Application.php(776): Illuminate\\Foundation\\Application->bootProvider(Object(App\\Providers\\AppServiceProvider))
#18 [internal function]: Illuminate\\Foundation\\Application->Illuminate\\Foundation\\{closure}(Object(App\\Providers\\AppServiceProvider), 27)
#19 C:\\xampp\\htdocs\\oviedo11\\vendor\\laravel\\framework\\src\\Illuminate\\Foundation\\Application.php(777): array_walk(Array, Object(Closure))
#20 C:\\xampp\\htdocs\\oviedo11\\vendor\\laravel\\framework\\src\\Illuminate\\Foundation\\Bootstrap\\BootProviders.php(17): Illuminate\\Foundation\\Application->boot()
#21 C:\\xampp\\htdocs\\oviedo11\\vendor\\laravel\\framework\\src\\Illuminate\\Foundation\\Application.php(206): Illuminate\\Foundation\\Bootstrap\\BootProviders->bootstrap(Object(Illuminate\\Foundation\\Application))
#22 C:\\xampp\\htdocs\\oviedo11\\vendor\\laravel\\framework\\src\\Illuminate\\Foundation\\Http\\Kernel.php(162): Illuminate\\Foundation\\Application->bootstrapWith(Array)
#23 C:\\xampp\\htdocs\\oviedo11\\vendor\\laravel\\framework\\src\\Illuminate\\Foundation\\Http\\Kernel.php(146): Illuminate\\Foundation\\Http\\Kernel->bootstrap()
#24 C:\\xampp\\htdocs\\oviedo11\\vendor\\laravel\\framework\\src\\Illuminate\\Foundation\\Http\\Kernel.php(116): Illuminate\\Foundation\\Http\\Kernel->sendRequestThroughRouter(Object(Illuminate\\Http\\Request))
#25 C:\\xampp\\htdocs\\oviedo11\\public\\index.php(55): Illuminate\\Foundation\\Http\\Kernel->handle(Object(Illuminate\\Http\\Request))
#26 C:\\xampp\\htdocs\\oviedo11\\server.php(21): require_once('C:\\\\xampp\\\\htdocs...')
#27 {main}
"} 
[2018-11-26 20:13:20] local.ERROR: could not find driver (SQL: select [value], [key] from [pl_configurations]) {"exception":"[object] (Illuminate\\Database\\QueryException(code: 0): could not find driver (SQL: select [value], [key] from [pl_configurations]) at C:\\xampp\\htdocs\\oviedo11\\vendor\\laravel\\framework\\src\\Illuminate\\Database\\Connection.php:664, Doctrine\\DBAL\\Driver\\PDOException(code: 0): could not find driver at C:\\xampp\\htdocs\\oviedo11\\vendor\\doctrine\\dbal\\lib\\Doctrine\\DBAL\\Driver\\PDOConnection.php:50, PDOException(code: 0): could not find driver at C:\\xampp\\htdocs\\oviedo11\\vendor\\doctrine\\dbal\\lib\\Doctrine\\DBAL\\Driver\\PDOConnection.php:46)
[stacktrace]
#0 C:\\xampp\\htdocs\\oviedo11\\vendor\\laravel\\framework\\src\\Illuminate\\Database\\Connection.php(624): Illuminate\\Database\\Connection->runQueryCallback('select [value],...', Array, Object(Closure))
#1 C:\\xampp\\htdocs\\oviedo11\\vendor\\laravel\\framework\\src\\Illuminate\\Database\\Connection.php(333): Illuminate\\Database\\Connection->run('select [value],...', Array, Object(Closure))
#2 C:\\xampp\\htdocs\\oviedo11\\vendor\\laravel\\framework\\src\\Illuminate\\Database\\Query\\Builder.php(2027): Illuminate\\Database\\Connection->select('select [value],...', Array, true)
#3 C:\\xampp\\htdocs\\oviedo11\\vendor\\laravel\\framework\\src\\Illuminate\\Database\\Query\\Builder.php(2219): Illuminate\\Database\\Query\\Builder->runSelect()
#4 C:\\xampp\\htdocs\\oviedo11\\vendor\\laravel\\framework\\src\\Illuminate\\Database\\Query\\Builder.php(2499): Illuminate\\Database\\Query\\Builder->Illuminate\\Database\\Query\\{closure}()
#5 C:\\xampp\\htdocs\\oviedo11\\vendor\\laravel\\framework\\src\\Illuminate\\Database\\Query\\Builder.php(2221): Illuminate\\Database\\Query\\Builder->onceWithColumns(Array, Object(Closure))
#6 C:\\xampp\\htdocs\\oviedo11\\vendor\\laravel\\framework\\src\\Illuminate\\Database\\Eloquent\\Builder.php(712): Illuminate\\Database\\Query\\Builder->pluck('value', 'key')
#7 C:\\xampp\\htdocs\\oviedo11\\vendor\\laravel\\framework\\src\\Illuminate\\Support\\Traits\\ForwardsCalls.php(23): Illuminate\\Database\\Eloquent\\Builder->pluck('value', 'key')
#8 C:\\xampp\\htdocs\\oviedo11\\vendor\\laravel\\framework\\src\\Illuminate\\Database\\Eloquent\\Model.php(1608): Illuminate\\Database\\Eloquent\\Model->forwardCallTo(Object(Illuminate\\Database\\Eloquent\\Builder), 'pluck', Array)
#9 C:\\xampp\\htdocs\\oviedo11\\vendor\\laravel\\framework\\src\\Illuminate\\Database\\Eloquent\\Model.php(1620): Illuminate\\Database\\Eloquent\\Model->__call('pluck', Array)
#10 C:\\xampp\\htdocs\\oviedo11\\app\\Providers\\AppServiceProvider.php(26): Illuminate\\Database\\Eloquent\\Model::__callStatic('pluck', Array)
#11 [internal function]: App\\Providers\\AppServiceProvider->boot()
#12 C:\\xampp\\htdocs\\oviedo11\\vendor\\laravel\\framework\\src\\Illuminate\\Container\\BoundMethod.php(29): call_user_func_array(Array, Array)
#13 C:\\xampp\\htdocs\\oviedo11\\vendor\\laravel\\framework\\src\\Illuminate\\Container\\BoundMethod.php(87): Illuminate\\Container\\BoundMethod::Illuminate\\Container\\{closure}()
#14 C:\\xampp\\htdocs\\oviedo11\\vendor\\laravel\\framework\\src\\Illuminate\\Container\\BoundMethod.php(31): Illuminate\\Container\\BoundMethod::callBoundMethod(Object(Illuminate\\Foundation\\Application), Array, Object(Closure))
#15 C:\\xampp\\htdocs\\oviedo11\\vendor\\laravel\\framework\\src\\Illuminate\\Container\\Container.php(572): Illuminate\\Container\\BoundMethod::call(Object(Illuminate\\Foundation\\Application), Array, Array, NULL)
#16 C:\\xampp\\htdocs\\oviedo11\\vendor\\laravel\\framework\\src\\Illuminate\\Foundation\\Application.php(793): Illuminate\\Container\\Container->call(Array)
#17 C:\\xampp\\htdocs\\oviedo11\\vendor\\laravel\\framework\\src\\Illuminate\\Foundation\\Application.php(776): Illuminate\\Foundation\\Application->bootProvider(Object(App\\Providers\\AppServiceProvider))
#18 [internal function]: Illuminate\\Foundation\\Application->Illuminate\\Foundation\\{closure}(Object(App\\Providers\\AppServiceProvider), 27)
#19 C:\\xampp\\htdocs\\oviedo11\\vendor\\laravel\\framework\\src\\Illuminate\\Foundation\\Application.php(777): array_walk(Array, Object(Closure))
#20 C:\\xampp\\htdocs\\oviedo11\\vendor\\laravel\\framework\\src\\Illuminate\\Foundation\\Bootstrap\\BootProviders.php(17): Illuminate\\Foundation\\Application->boot()
#21 C:\\xampp\\htdocs\\oviedo11\\vendor\\laravel\\framework\\src\\Illuminate\\Foundation\\Application.php(206): Illuminate\\Foundation\\Bootstrap\\BootProviders->bootstrap(Object(Illuminate\\Foundation\\Application))
#22 C:\\xampp\\htdocs\\oviedo11\\vendor\\laravel\\framework\\src\\Illuminate\\Foundation\\Http\\Kernel.php(162): Illuminate\\Foundation\\Application->bootstrapWith(Array)
#23 C:\\xampp\\htdocs\\oviedo11\\vendor\\laravel\\framework\\src\\Illuminate\\Foundation\\Http\\Kernel.php(146): Illuminate\\Foundation\\Http\\Kernel->bootstrap()
#24 C:\\xampp\\htdocs\\oviedo11\\vendor\\laravel\\framework\\src\\Illuminate\\Foundation\\Http\\Kernel.php(116): Illuminate\\Foundation\\Http\\Kernel->sendRequestThroughRouter(Object(Illuminate\\Http\\Request))
#25 C:\\xampp\\htdocs\\oviedo11\\public\\index.php(55): Illuminate\\Foundation\\Http\\Kernel->handle(Object(Illuminate\\Http\\Request))
#26 C:\\xampp\\htdocs\\oviedo11\\server.php(21): require_once('C:\\\\xampp\\\\htdocs...')
#27 {main}
"} 
[2018-11-26 20:14:54] local.ERROR: could not find driver (SQL: select [value], [key] from [pl_configurations]) {"exception":"[object] (Illuminate\\Database\\QueryException(code: 0): could not find driver (SQL: select [value], [key] from [pl_configurations]) at C:\\xampp\\htdocs\\oviedo11\\vendor\\laravel\\framework\\src\\Illuminate\\Database\\Connection.php:664, Doctrine\\DBAL\\Driver\\PDOException(code: 0): could not find driver at C:\\xampp\\htdocs\\oviedo11\\vendor\\doctrine\\dbal\\lib\\Doctrine\\DBAL\\Driver\\PDOConnection.php:50, PDOException(code: 0): could not find driver at C:\\xampp\\htdocs\\oviedo11\\vendor\\doctrine\\dbal\\lib\\Doctrine\\DBAL\\Driver\\PDOConnection.php:46)
[stacktrace]
#0 C:\\xampp\\htdocs\\oviedo11\\vendor\\laravel\\framework\\src\\Illuminate\\Database\\Connection.php(624): Illuminate\\Database\\Connection->runQueryCallback('select [value],...', Array, Object(Closure))
#1 C:\\xampp\\htdocs\\oviedo11\\vendor\\laravel\\framework\\src\\Illuminate\\Database\\Connection.php(333): Illuminate\\Database\\Connection->run('select [value],...', Array, Object(Closure))
#2 C:\\xampp\\htdocs\\oviedo11\\vendor\\laravel\\framework\\src\\Illuminate\\Database\\Query\\Builder.php(2027): Illuminate\\Database\\Connection->select('select [value],...', Array, true)
#3 C:\\xampp\\htdocs\\oviedo11\\vendor\\laravel\\framework\\src\\Illuminate\\Database\\Query\\Builder.php(2219): Illuminate\\Database\\Query\\Builder->runSelect()
#4 C:\\xampp\\htdocs\\oviedo11\\vendor\\laravel\\framework\\src\\Illuminate\\Database\\Query\\Builder.php(2499): Illuminate\\Database\\Query\\Builder->Illuminate\\Database\\Query\\{closure}()
#5 C:\\xampp\\htdocs\\oviedo11\\vendor\\laravel\\framework\\src\\Illuminate\\Database\\Query\\Builder.php(2221): Illuminate\\Database\\Query\\Builder->onceWithColumns(Array, Object(Closure))
#6 C:\\xampp\\htdocs\\oviedo11\\vendor\\laravel\\framework\\src\\Illuminate\\Database\\Eloquent\\Builder.php(712): Illuminate\\Database\\Query\\Builder->pluck('value', 'key')
#7 C:\\xampp\\htdocs\\oviedo11\\vendor\\laravel\\framework\\src\\Illuminate\\Support\\Traits\\ForwardsCalls.php(23): Illuminate\\Database\\Eloquent\\Builder->pluck('value', 'key')
#8 C:\\xampp\\htdocs\\oviedo11\\vendor\\laravel\\framework\\src\\Illuminate\\Database\\Eloquent\\Model.php(1608): Illuminate\\Database\\Eloquent\\Model->forwardCallTo(Object(Illuminate\\Database\\Eloquent\\Builder), 'pluck', Array)
#9 C:\\xampp\\htdocs\\oviedo11\\vendor\\laravel\\framework\\src\\Illuminate\\Database\\Eloquent\\Model.php(1620): Illuminate\\Database\\Eloquent\\Model->__call('pluck', Array)
#10 C:\\xampp\\htdocs\\oviedo11\\app\\Providers\\AppServiceProvider.php(26): Illuminate\\Database\\Eloquent\\Model::__callStatic('pluck', Array)
#11 [internal function]: App\\Providers\\AppServiceProvider->boot()
#12 C:\\xampp\\htdocs\\oviedo11\\vendor\\laravel\\framework\\src\\Illuminate\\Container\\BoundMethod.php(29): call_user_func_array(Array, Array)
#13 C:\\xampp\\htdocs\\oviedo11\\vendor\\laravel\\framework\\src\\Illuminate\\Container\\BoundMethod.php(87): Illuminate\\Container\\BoundMethod::Illuminate\\Container\\{closure}()
#14 C:\\xampp\\htdocs\\oviedo11\\vendor\\laravel\\framework\\src\\Illuminate\\Container\\BoundMethod.php(31): Illuminate\\Container\\BoundMethod::callBoundMethod(Object(Illuminate\\Foundation\\Application), Array, Object(Closure))
#15 C:\\xampp\\htdocs\\oviedo11\\vendor\\laravel\\framework\\src\\Illuminate\\Container\\Container.php(572): Illuminate\\Container\\BoundMethod::call(Object(Illuminate\\Foundation\\Application), Array, Array, NULL)
#16 C:\\xampp\\htdocs\\oviedo11\\vendor\\laravel\\framework\\src\\Illuminate\\Foundation\\Application.php(793): Illuminate\\Container\\Container->call(Array)
#17 C:\\xampp\\htdocs\\oviedo11\\vendor\\laravel\\framework\\src\\Illuminate\\Foundation\\Application.php(776): Illuminate\\Foundation\\Application->bootProvider(Object(App\\Providers\\AppServiceProvider))
#18 [internal function]: Illuminate\\Foundation\\Application->Illuminate\\Foundation\\{closure}(Object(App\\Providers\\AppServiceProvider), 27)
#19 C:\\xampp\\htdocs\\oviedo11\\vendor\\laravel\\framework\\src\\Illuminate\\Foundation\\Application.php(777): array_walk(Array, Object(Closure))
#20 C:\\xampp\\htdocs\\oviedo11\\vendor\\laravel\\framework\\src\\Illuminate\\Foundation\\Bootstrap\\BootProviders.php(17): Illuminate\\Foundation\\Application->boot()
#21 C:\\xampp\\htdocs\\oviedo11\\vendor\\laravel\\framework\\src\\Illuminate\\Foundation\\Application.php(206): Illuminate\\Foundation\\Bootstrap\\BootProviders->bootstrap(Object(Illuminate\\Foundation\\Application))
#22 C:\\xampp\\htdocs\\oviedo11\\vendor\\laravel\\framework\\src\\Illuminate\\Foundation\\Http\\Kernel.php(162): Illuminate\\Foundation\\Application->bootstrapWith(Array)
#23 C:\\xampp\\htdocs\\oviedo11\\vendor\\laravel\\framework\\src\\Illuminate\\Foundation\\Http\\Kernel.php(146): Illuminate\\Foundation\\Http\\Kernel->bootstrap()
#24 C:\\xampp\\htdocs\\oviedo11\\vendor\\laravel\\framework\\src\\Illuminate\\Foundation\\Http\\Kernel.php(116): Illuminate\\Foundation\\Http\\Kernel->sendRequestThroughRouter(Object(Illuminate\\Http\\Request))
#25 C:\\xampp\\htdocs\\oviedo11\\public\\index.php(55): Illuminate\\Foundation\\Http\\Kernel->handle(Object(Illuminate\\Http\\Request))
#26 C:\\xampp\\htdocs\\oviedo11\\server.php(21): require_once('C:\\\\xampp\\\\htdocs...')
#27 {main}
"} 
[2018-11-26 20:20:08] local.ERROR: could not find driver (SQL: select [value], [key] from [pl_configurations]) {"exception":"[object] (Illuminate\\Database\\QueryException(code: 0): could not find driver (SQL: select [value], [key] from [pl_configurations]) at C:\\xampp\\htdocs\\oviedo11\\vendor\\laravel\\framework\\src\\Illuminate\\Database\\Connection.php:664, Doctrine\\DBAL\\Driver\\PDOException(code: 0): could not find driver at C:\\xampp\\htdocs\\oviedo11\\vendor\\doctrine\\dbal\\lib\\Doctrine\\DBAL\\Driver\\PDOConnection.php:50, PDOException(code: 0): could not find driver at C:\\xampp\\htdocs\\oviedo11\\vendor\\doctrine\\dbal\\lib\\Doctrine\\DBAL\\Driver\\PDOConnection.php:46)
[stacktrace]
#0 C:\\xampp\\htdocs\\oviedo11\\vendor\\laravel\\framework\\src\\Illuminate\\Database\\Connection.php(624): Illuminate\\Database\\Connection->runQueryCallback('select [value],...', Array, Object(Closure))
#1 C:\\xampp\\htdocs\\oviedo11\\vendor\\laravel\\framework\\src\\Illuminate\\Database\\Connection.php(333): Illuminate\\Database\\Connection->run('select [value],...', Array, Object(Closure))
#2 C:\\xampp\\htdocs\\oviedo11\\vendor\\laravel\\framework\\src\\Illuminate\\Database\\Query\\Builder.php(2027): Illuminate\\Database\\Connection->select('select [value],...', Array, true)
#3 C:\\xampp\\htdocs\\oviedo11\\vendor\\laravel\\framework\\src\\Illuminate\\Database\\Query\\Builder.php(2219): Illuminate\\Database\\Query\\Builder->runSelect()
#4 C:\\xampp\\htdocs\\oviedo11\\vendor\\laravel\\framework\\src\\Illuminate\\Database\\Query\\Builder.php(2499): Illuminate\\Database\\Query\\Builder->Illuminate\\Database\\Query\\{closure}()
#5 C:\\xampp\\htdocs\\oviedo11\\vendor\\laravel\\framework\\src\\Illuminate\\Database\\Query\\Builder.php(2221): Illuminate\\Database\\Query\\Builder->onceWithColumns(Array, Object(Closure))
#6 C:\\xampp\\htdocs\\oviedo11\\vendor\\laravel\\framework\\src\\Illuminate\\Database\\Eloquent\\Builder.php(712): Illuminate\\Database\\Query\\Builder->pluck('value', 'key')
#7 C:\\xampp\\htdocs\\oviedo11\\vendor\\laravel\\framework\\src\\Illuminate\\Support\\Traits\\ForwardsCalls.php(23): Illuminate\\Database\\Eloquent\\Builder->pluck('value', 'key')
#8 C:\\xampp\\htdocs\\oviedo11\\vendor\\laravel\\framework\\src\\Illuminate\\Database\\Eloquent\\Model.php(1608): Illuminate\\Database\\Eloquent\\Model->forwardCallTo(Object(Illuminate\\Database\\Eloquent\\Builder), 'pluck', Array)
#9 C:\\xampp\\htdocs\\oviedo11\\vendor\\laravel\\framework\\src\\Illuminate\\Database\\Eloquent\\Model.php(1620): Illuminate\\Database\\Eloquent\\Model->__call('pluck', Array)
#10 C:\\xampp\\htdocs\\oviedo11\\app\\Providers\\AppServiceProvider.php(26): Illuminate\\Database\\Eloquent\\Model::__callStatic('pluck', Array)
#11 [internal function]: App\\Providers\\AppServiceProvider->boot()
#12 C:\\xampp\\htdocs\\oviedo11\\vendor\\laravel\\framework\\src\\Illuminate\\Container\\BoundMethod.php(29): call_user_func_array(Array, Array)
#13 C:\\xampp\\htdocs\\oviedo11\\vendor\\laravel\\framework\\src\\Illuminate\\Container\\BoundMethod.php(87): Illuminate\\Container\\BoundMethod::Illuminate\\Container\\{closure}()
#14 C:\\xampp\\htdocs\\oviedo11\\vendor\\laravel\\framework\\src\\Illuminate\\Container\\BoundMethod.php(31): Illuminate\\Container\\BoundMethod::callBoundMethod(Object(Illuminate\\Foundation\\Application), Array, Object(Closure))
#15 C:\\xampp\\htdocs\\oviedo11\\vendor\\laravel\\framework\\src\\Illuminate\\Container\\Container.php(572): Illuminate\\Container\\BoundMethod::call(Object(Illuminate\\Foundation\\Application), Array, Array, NULL)
#16 C:\\xampp\\htdocs\\oviedo11\\vendor\\laravel\\framework\\src\\Illuminate\\Foundation\\Application.php(793): Illuminate\\Container\\Container->call(Array)
#17 C:\\xampp\\htdocs\\oviedo11\\vendor\\laravel\\framework\\src\\Illuminate\\Foundation\\Application.php(776): Illuminate\\Foundation\\Application->bootProvider(Object(App\\Providers\\AppServiceProvider))
#18 [internal function]: Illuminate\\Foundation\\Application->Illuminate\\Foundation\\{closure}(Object(App\\Providers\\AppServiceProvider), 27)
#19 C:\\xampp\\htdocs\\oviedo11\\vendor\\laravel\\framework\\src\\Illuminate\\Foundation\\Application.php(777): array_walk(Array, Object(Closure))
#20 C:\\xampp\\htdocs\\oviedo11\\vendor\\laravel\\framework\\src\\Illuminate\\Foundation\\Bootstrap\\BootProviders.php(17): Illuminate\\Foundation\\Application->boot()
#21 C:\\xampp\\htdocs\\oviedo11\\vendor\\laravel\\framework\\src\\Illuminate\\Foundation\\Application.php(206): Illuminate\\Foundation\\Bootstrap\\BootProviders->bootstrap(Object(Illuminate\\Foundation\\Application))
#22 C:\\xampp\\htdocs\\oviedo11\\vendor\\laravel\\framework\\src\\Illuminate\\Foundation\\Http\\Kernel.php(162): Illuminate\\Foundation\\Application->bootstrapWith(Array)
#23 C:\\xampp\\htdocs\\oviedo11\\vendor\\laravel\\framework\\src\\Illuminate\\Foundation\\Http\\Kernel.php(146): Illuminate\\Foundation\\Http\\Kernel->bootstrap()
#24 C:\\xampp\\htdocs\\oviedo11\\vendor\\laravel\\framework\\src\\Illuminate\\Foundation\\Http\\Kernel.php(116): Illuminate\\Foundation\\Http\\Kernel->sendRequestThroughRouter(Object(Illuminate\\Http\\Request))
#25 C:\\xampp\\htdocs\\oviedo11\\public\\index.php(55): Illuminate\\Foundation\\Http\\Kernel->handle(Object(Illuminate\\Http\\Request))
#26 C:\\xampp\\htdocs\\oviedo11\\server.php(21): require_once('C:\\\\xampp\\\\htdocs...')
#27 {main}
"} 
